<?xml version="1.0" encoding="UTF-8"?>
<!-- Generated by org.testng.reporters.JUnitReportReporter -->
<testsuite hostname="P100b" failures="0" tests="2" name="reporting.LoginTest" time="0.164" errors="1" timestamp="2021-02-12T16:39:47 EET" skipped="1">
  <testcase classname="reporting.LoginTest" name="loginTest" time="0.000">
    <skipped/>
  </testcase> <!-- loginTest -->
  <system-out/>
  <testcase classname="reporting.LoginTest" name="setup" time="0.164">
    <error message="Could not initialize class org.apache.logging.log4j.LogManager" type="java.lang.NoClassDefFoundError">
      <![CDATA[java.lang.NoClassDefFoundError: Could not initialize class org.apache.logging.log4j.LogManager
at org.apache.logging.log4j.spring.boot.SpringEnvironmentHolder.getEnvironment(SpringEnvironmentHolder.java:35)
at org.apache.logging.log4j.spring.boot.SpringPropertySource.containsProperty(SpringPropertySource.java:48)
at org.apache.logging.log4j.util.PropertiesUtil$Environment.get(PropertiesUtil.java:501)
at org.apache.logging.log4j.util.PropertiesUtil$Environment.access$200(PropertiesUtil.java:422)
at org.apache.logging.log4j.util.PropertiesUtil.getStringProperty(PropertiesUtil.java:370)
at org.apache.logging.log4j.util.PropertiesUtil.getIntegerProperty(PropertiesUtil.java:244)
at org.apache.logging.log4j.status.StatusLogger.<clinit>(StatusLogger.java:80)
at org.apache.logging.slf4j.Log4jMarkerFactory.<clinit>(Log4jMarkerFactory.java:36)
at org.apache.logging.slf4j.SLF4JServiceProvider.initialize(SLF4JServiceProvider.java:53)
at org.slf4j.LoggerFactory.bind(LoggerFactory.java:153)
at org.slf4j.LoggerFactory.performInitialization(LoggerFactory.java:141)
at org.slf4j.LoggerFactory.getProvider(LoggerFactory.java:419)
at org.slf4j.LoggerFactory.getILoggerFactory(LoggerFactory.java:405)
at org.slf4j.LoggerFactory.getLogger(LoggerFactory.java:354)
at org.slf4j.LoggerFactory.getLogger(LoggerFactory.java:380)
at org.asynchttpclient.DefaultAsyncHttpClient.<clinit>(DefaultAsyncHttpClient.java:49)
at org.asynchttpclient.Dsl.asyncHttpClient(Dsl.java:32)
at org.openqa.selenium.remote.http.netty.NettyClient.<clinit>(NettyClient.java:42)
at org.openqa.selenium.remote.http.netty.NettyClient$Factory.createClient(NettyClient.java:107)
at org.openqa.selenium.remote.http.HttpClient$Factory.createClient(HttpClient.java:80)
at org.openqa.selenium.remote.HttpCommandExecutor.<init>(HttpCommandExecutor.java:90)
at org.openqa.selenium.remote.HttpCommandExecutor.<init>(HttpCommandExecutor.java:73)
at org.openqa.selenium.remote.service.DriverCommandExecutor.<init>(DriverCommandExecutor.java:67)
at org.openqa.selenium.chromium.ChromiumDriverCommandExecutor.<init>(ChromiumDriverCommandExecutor.java:78)
at org.openqa.selenium.chrome.ChromeDriver.<init>(ChromeDriver.java:163)
at org.openqa.selenium.chrome.ChromeDriver.<init>(ChromeDriver.java:150)
at org.openqa.selenium.chrome.ChromeDriver.<init>(ChromeDriver.java:105)
at reporting.LoginTest.setup(LoginTest.java:31)
at java.base/jdk.internal.reflect.NativeMethodAccessorImpl.invoke0(Native Method)
at java.base/jdk.internal.reflect.NativeMethodAccessorImpl.invoke(NativeMethodAccessorImpl.java:62)
at java.base/jdk.internal.reflect.DelegatingMethodAccessorImpl.invoke(DelegatingMethodAccessorImpl.java:43)
at java.base/java.lang.reflect.Method.invoke(Method.java:564)
at org.testng.internal.MethodInvocationHelper.invokeMethod(MethodInvocationHelper.java:132)
at org.testng.internal.MethodInvocationHelper.invokeMethodConsideringTimeout(MethodInvocationHelper.java:61)
at org.testng.internal.ConfigInvoker.invokeConfigurationMethod(ConfigInvoker.java:366)
at org.testng.internal.ConfigInvoker.invokeConfigurations(ConfigInvoker.java:320)
at org.testng.internal.TestMethodWorker.invokeBeforeClassMethods(TestMethodWorker.java:176)
at org.testng.internal.TestMethodWorker.run(TestMethodWorker.java:122)
at java.base/java.util.ArrayList.forEach(ArrayList.java:1511)
at org.testng.TestRunner.privateRun(TestRunner.java:764)
at org.testng.TestRunner.run(TestRunner.java:585)
at org.testng.SuiteRunner.runTest(SuiteRunner.java:384)
at org.testng.SuiteRunner.runSequentially(SuiteRunner.java:378)
at org.testng.SuiteRunner.privateRun(SuiteRunner.java:337)
at org.testng.SuiteRunner.run(SuiteRunner.java:286)
at org.testng.SuiteRunnerWorker.runSuite(SuiteRunnerWorker.java:53)
at org.testng.SuiteRunnerWorker.run(SuiteRunnerWorker.java:96)
at org.testng.TestNG.runSuitesSequentially(TestNG.java:1218)
at org.testng.TestNG.runSuitesLocally(TestNG.java:1140)
at org.testng.TestNG.runSuites(TestNG.java:1069)
at org.testng.TestNG.run(TestNG.java:1037)
at org.testng.remote.AbstractRemoteTestNG.run(AbstractRemoteTestNG.java:115)
at org.testng.remote.RemoteTestNG.initAndRun(RemoteTestNG.java:251)
at org.testng.remote.RemoteTestNG.main(RemoteTestNG.java:77)
]]>
    </error>
  </testcase> <!-- setup -->
  <system-out/>
</testsuite> <!-- reporting.LoginTest -->
