<?xml version="1.0" encoding="UTF-8"?>
<!-- Generated by org.testng.reporters.JUnitReportReporter -->
<testsuite hostname="P100b" failures="0" tests="2" name="pack1.TC1" time="0.010" errors="0" timestamp="2021-02-10T15:30:52 EET" skipped="0">
  <testcase classname="pack1.TC1" name="m1" time="0.009"/>
  <system-out/>
  <testcase classname="pack1.TC1" name="m2" time="0.001"/>
  <system-out/>
</testsuite> <!-- pack1.TC1 -->
