<?xml version="1.0" encoding="UTF-8"?>
<!-- Generated by org.testng.reporters.JUnitReportReporter -->
<testsuite hostname="P100b" failures="0" tests="5" name="pack2.DisablingTestsMethods" time="0.013" errors="0" timestamp="2021-02-10T19:41:52 EET" skipped="2">
  <testcase classname="pack2.DisablingTestsMethods" name="openURL" time="0.010"/>
  <system-out/>
  <testcase classname="pack2.DisablingTestsMethods" name="login" time="0.002"/>
  <system-out/>
  <testcase classname="pack2.DisablingTestsMethods" name="logout" time="0.001"/>
  <system-out/>
  <testcase classname="pack2.DisablingTestsMethods" name="advancedsearch">
    <skipped/>
  </testcase> <!-- advancedsearch -->
  <system-out/>
  <testcase classname="pack2.DisablingTestsMethods" name="search">
    <skipped/>
  </testcase> <!-- search -->
  <system-out/>
</testsuite> <!-- pack2.DisablingTestsMethods -->
