<?xml version="1.0" encoding="UTF-8"?>
<!-- Generated by org.testng.reporters.JUnitReportReporter -->
<testsuite hostname="P100b" failures="0" tests="3" name="pack1.TC2" time="0.006" errors="0" timestamp="2021-02-10T15:30:52 EET" skipped="0">
  <testcase classname="pack1.TC2" name="m5" time="0.002"/>
  <system-out/>
  <testcase classname="pack1.TC2" name="m3" time="0.002"/>
  <system-out/>
  <testcase classname="pack1.TC2" name="m4" time="0.002"/>
  <system-out/>
</testsuite> <!-- pack1.TC2 -->
