<?xml version="1.0" encoding="UTF-8"?>
<!-- Generated by org.testng.reporters.JUnitReportReporter -->
<testsuite hostname="P100b" failures="0" tests="3" name="TestNG_Automation.AnnotationsExample2" time="0.008" errors="0" timestamp="2021-02-10T15:21:36 EET" skipped="0">
  <testcase classname="TestNG_Automation.AnnotationsExample2" name="search" time="0.006"/>
  <system-out/>
  <testcase classname="TestNG_Automation.AnnotationsExample2" name="advsearch" time="0.001"/>
  <system-out/>
  <testcase classname="TestNG_Automation.AnnotationsExample2" name="recharge" time="0.001"/>
  <system-out/>
</testsuite> <!-- TestNG_Automation.AnnotationsExample2 -->
