<?xml version="1.0" encoding="UTF-8"?>
<!-- Generated by org.testng.reporters.JUnitReportReporter -->
<testsuite hostname="P100b" failures="0" tests="3" name="TestNG_Automation.FirstTestCase" time="0.010" errors="0" timestamp="2021-02-10T15:20:41 EET" skipped="0">
  <testcase classname="TestNG_Automation.FirstTestCase" name="openURL" time="0.007"/>
  <system-out/>
  <testcase classname="TestNG_Automation.FirstTestCase" name="login" time="0.002"/>
  <system-out/>
  <testcase classname="TestNG_Automation.FirstTestCase" name="logout" time="0.001"/>
  <system-out/>
</testsuite> <!-- TestNG_Automation.FirstTestCase -->
