<?xml version="1.0" encoding="UTF-8"?>
<!-- Generated by org.testng.reporters.JUnitReportReporter -->
<testsuite hostname="P100b" failures="0" tests="3" name="Log4j.Log4jdemo" time="0.143" errors="0" timestamp="2021-02-12T15:01:49 EET" skipped="0">
  <testcase classname="Log4j.Log4jdemo" name="setup" time="0.135"/>
  <system-out/>
  <testcase classname="Log4j.Log4jdemo" name="login" time="0.004"/>
  <system-out/>
  <testcase classname="Log4j.Log4jdemo" name="logout" time="0.004"/>
  <system-out/>
</testsuite> <!-- Log4j.Log4jdemo -->
