<?xml version="1.0" encoding="UTF-8"?>
<!-- Generated by org.testng.reporters.JUnitReportReporter -->
<testsuite hostname="P100b" failures="0" tests="3" name="TestNG_Automation.AnnotationsExample1" time="0.018" errors="0" timestamp="2021-02-10T15:21:16 EET" skipped="0">
  <testcase classname="TestNG_Automation.AnnotationsExample1" name="search" time="0.016"/>
  <system-out/>
  <testcase classname="TestNG_Automation.AnnotationsExample1" name="advsearch" time="0.001"/>
  <system-out/>
  <testcase classname="TestNG_Automation.AnnotationsExample1" name="recharge" time="0.001"/>
  <system-out/>
</testsuite> <!-- TestNG_Automation.AnnotationsExample1 -->
