<?xml version="1.0" encoding="UTF-8"?>
<!-- Generated by org.testng.reporters.JUnitReportReporter -->
<testsuite hostname="P100b" failures="0" tests="1" name="rest_assured.SumValidation" time="1.256" errors="0" timestamp="26 мар. 2021 14:04:44 GMT" skipped="0">
  <testcase classname="rest_assured.SumValidation" name="SumCourses" time="1.256"/>
</testsuite> <!-- rest_assured.SumValidation -->
