<?xml version="1.0" encoding="UTF-8"?>
<!-- Generated by org.testng.reporters.JUnitReportReporter -->
<testsuite hostname="P100b" failures="0" tests="3" name="rest_assured.DinamicJson" time="2.912" errors="0" timestamp="01 апр. 2021 13:02:43 GMT" skipped="0">
  <testcase classname="rest_assured.DinamicJson" name="addBook" time="0.413"/>
  <testcase classname="rest_assured.DinamicJson" name="addBook" time="2.080"/>
  <testcase classname="rest_assured.DinamicJson" name="addBook" time="0.419"/>
</testsuite> <!-- rest_assured.DinamicJson -->
